0 info it worked if it ends with ok
1 verbose cli [ '/usr/local/bin/node', '/usr/local/bin/npm', 'run', 'test' ]
2 info using npm@1.4.28
3 info using node@v0.10.33
4 verbose run-script [ 'pretest', 'test', 'posttest' ]
5 info pretest SciCal@0.0.1-beta
6 info test SciCal@0.0.1-beta
7 verbose unsafe-perm in lifecycle true
8 info SciCal@0.0.1-beta Failed to exec test script
9 error SciCal@0.0.1-beta test: `mocha --compilers js:babel-register`
9 error Exit status 1
10 error Failed at the SciCal@0.0.1-beta test script.
10 error This is most likely a problem with the SciCal package,
10 error not with npm itself.
10 error Tell the author that this fails on your system:
10 error     mocha --compilers js:babel-register
10 error You can get their info via:
10 error     npm owner ls SciCal
10 error There is likely additional logging output above.
11 error System Linux 3.13.0-74-generic
12 error command "/usr/local/bin/node" "/usr/local/bin/npm" "run" "test"
13 error cwd /home/neo/Desktop/Projects/freecodecamp/SciCal
14 error node -v v0.10.33
15 error npm -v 1.4.28
16 error code ELIFECYCLE
17 verbose exit [ 1, true ]
